2024-11-28 13:51:20.1625|ERROR|Login Page|Not able to login: SyntaxError: Unexpected token ':'
    at eval (<anonymous>)
    at UtilityScript.evaluate (<anonymous>:202:30)
    at UtilityScript.<anonymous> (<anonymous>:1:44)
2024-11-28 14:36:30.7377|ERROR|Login Page|Not able to login: SyntaxError: Unexpected token ':'
    at eval (<anonymous>)
    at UtilityScript.evaluate (<anonymous>:202:30)
    at UtilityScript.<anonymous> (<anonymous>:1:44)
2024-11-28 14:37:10.5855|ERROR|Login Page|Not able to login: SyntaxError: Unexpected token ':'
    at eval (<anonymous>)
    at UtilityScript.evaluate (<anonymous>:202:30)
    at UtilityScript.<anonymous> (<anonymous>:1:44)
2024-11-28 14:41:14.9398|ERROR|Login Page|Not able to login: SyntaxError: Unexpected token ':'
    at eval (<anonymous>)
    at UtilityScript.evaluate (<anonymous>:202:30)
    at UtilityScript.<anonymous> (<anonymous>:1:44)
2024-11-28 14:43:38.9490|ERROR|Login Page|Not able to login: SyntaxError: Unexpected token ':'
    at eval (<anonymous>)
    at UtilityScript.evaluate (<anonymous>:202:30)
    at UtilityScript.<anonymous> (<anonymous>:1:44)
2024-11-28 14:49:18.1339|ERROR|Login Page|Not able to login: SyntaxError: Unexpected token ':'
    at eval (<anonymous>)
    at UtilityScript.evaluate (<anonymous>:202:30)
    at UtilityScript.<anonymous> (<anonymous>:1:44)
2024-11-28 14:50:38.5409|ERROR|Login Page|Not able to login: SyntaxError: Unexpected token ':'
    at eval (<anonymous>)
    at UtilityScript.evaluate (<anonymous>:202:30)
    at UtilityScript.<anonymous> (<anonymous>:1:44)
2024-12-11 15:05:31.4538|INFO|RIQ|The user is logged in
2024-12-11 15:06:00.5214|INFO|RIQ|The user is logged in
2024-12-11 15:30:02.3024|INFO|RIQ|The user is logged in
2024-12-11 15:30:10.2645|INFO|RIQ|The user is logged in
2024-12-11 16:04:25.7753|INFO|RIQ|The user is logged in
2024-12-11 16:04:37.7457|INFO|RIQ|The user is logged in
2024-12-11 16:07:48.1615|INFO|RIQ|The user is logged in
2024-12-11 16:07:57.6487|INFO|RIQ|The user is logged in
2024-12-11 16:08:20.7907|INFO|RIQ|The user is logged in
2024-12-11 16:12:01.9418|INFO|RIQ|The user is logged in
2024-12-11 16:12:13.4087|INFO|RIQ|The user is logged in
2024-12-11 16:12:25.0577|INFO|RIQ|The user is logged in
2024-12-11 16:12:35.1322|INFO|RIQ|The user is logged in
2024-12-11 16:12:47.2454|INFO|RIQ|The user is logged in
2024-12-11 16:15:53.1828|INFO|RIQ|The user is logged in
2024-12-11 16:15:53.1828|INFO|RIQ|The user is logged in
2024-12-11 16:16:03.8680|INFO|RIQ|The user is logged in
2024-12-11 16:16:05.2605|INFO|RIQ|The user is logged in
2024-12-11 16:16:14.1072|INFO|RIQ|The user is logged in
2024-12-11 16:16:14.2343|INFO|RIQ|The user is logged in
2024-12-11 16:16:24.7635|INFO|RIQ|The user is logged in
2024-12-11 16:16:26.1635|INFO|RIQ|The user is logged in
2024-12-11 16:16:34.8700|INFO|RIQ|The user is logged in
2024-12-11 16:16:35.6802|INFO|RIQ|The user is logged in
2024-12-11 16:21:36.8565|INFO|RIQ|The user is logged in
2024-12-11 16:21:37.4566|INFO|RIQ|The user is logged in
2024-12-11 16:21:46.7540|INFO|RIQ|The user is logged in
2024-12-11 16:21:47.4745|INFO|RIQ|The user is logged in
2024-12-11 16:21:56.0182|INFO|RIQ|The user is logged in
2024-12-11 16:21:58.3675|INFO|RIQ|The user is logged in
2024-12-11 16:22:06.1038|INFO|RIQ|The user is logged in
2024-12-11 16:22:06.9207|INFO|RIQ|The user is logged in
2024-12-11 16:22:15.3119|INFO|RIQ|The user is logged in
2024-12-11 16:22:16.6362|INFO|RIQ|The user is logged in
